#
# A fatal error has been detected by the Java Runtime Environment:
#
#  EXCEPTION_ACCESS_VIOLATION (0xc0000005) at pc=0x5017b07d, pid=5264, tid=0x000015c0
#
# JRE version: Java(TM) SE Runtime Environment (8.0_92-b14) (build 1.8.0_92-b14)
# Java VM: Java HotSpot(TM) Client VM (25.92-b14 mixed mode windows-x86 )
# Problematic frame:
# V  [jvm.dll+0xcb07d]
#
# Failed to write core dump. Minidumps are not enabled by default on client versions of Windows
#
# If you would like to submit a bug report, please visit:
#   http://bugreport.java.com/bugreport/crash.jsp
#

---------------  T H R E A D  ---------------

Current thread (0x144b3000):  JavaThread "JDWP Transport Listener: dt_socket" daemon [_thread_in_vm, id=5568, stack(0x01b50000,0x01ba0000)]

siginfo: ExceptionCode=0xc0000005, reading address 0x003b7200

Registers:
EAX=0x003b7200, EBX=0x00000000, ECX=0x003b7200, EDX=0x00000000
ESP=0x01b9f278, EBP=0x01b9f27c, ESI=0x144b3000, EDI=0x01a97270
EIP=0x5017b07d, EFLAGS=0x00010206

Top of Stack: (sp=0x01b9f278)
0x01b9f278:   144b3000 01b9f2a4 502d8c94 003b7200
0x01b9f288:   01b9f35c 01b9f2df 144b3000 00000000
0x01b9f298:   00000000 00000000 144b3000 01b9f2e0
0x01b9f2a8:   687e9f80 01a97270 003b7200 01b9f2df
0x01b9f2b8:   003b7200 687d436d 003b7200 01b9f2df
0x01b9f2c8:   0000000a 00000000 00000000 f000100a
0x01b9f2d8:   00000000 0126a94c 01b9f300 687d44e0
0x01b9f2e8:   00000001 01b9f31c 01b9f358 144e7f88 

Instructions: (pc=0x5017b07d)
0x5017b05d:   5d c3 52 e8 5b f9 ff ff 5d c3 cc cc cc cc cc cc
0x5017b06d:   cc cc cc 55 8b ec 8b 45 08 85 c0 75 02 5d c3 56
0x5017b07d:   8b 30 85 f6 74 17 83 fe 37 74 12 8b 06 8b 50 08
0x5017b08d:   8b ce ff d2 84 c0 74 05 8b c6 5e 5d c3 33 c0 5e 


Register to memory mapping:

EAX=0x003b7200 is an unknown value
EBX=0x00000000 is an unknown value
ECX=0x003b7200 is an unknown value
EDX=0x00000000 is an unknown value
ESP=0x01b9f278 is pointing into the stack for thread: 0x144b3000
EBP=0x01b9f27c is pointing into the stack for thread: 0x144b3000
ESI=0x144b3000 is a thread
EDI=0x01a97270 is an unknown value


Stack: [0x01b50000,0x01ba0000],  sp=0x01b9f278,  free space=316k
Native frames: (J=compiled Java code, j=interpreted, Vv=VM code, C=native code)
V  [jvm.dll+0xcb07d]
V  [jvm.dll+0x228c94]
C  [jdwp.dll+0x19f80]
C  [jdwp.dll+0x44e0]
C  [jdwp.dll+0x451e]
C  0x2f676e61


---------------  P R O C E S S  ---------------

Java Threads: ( => current thread )
  0x144e4c00 JavaThread "Service Thread" daemon [_thread_blocked, id=4524, stack(0x14bc0000,0x14c10000)]
  0x144cb400 JavaThread "C1 CompilerThread0" daemon [_thread_blocked, id=3504, stack(0x14ab0000,0x14b00000)]
  0x144bf000 JavaThread "JDWP Command Reader" daemon [_thread_in_native, id=7920, stack(0x01c10000,0x01c60000)]
  0x144be000 JavaThread "JDWP Event Helper Thread" daemon [_thread_blocked, id=2352, stack(0x14960000,0x149b0000)]
=>0x144b3000 JavaThread "JDWP Transport Listener: dt_socket" daemon [_thread_in_vm, id=5568, stack(0x01b50000,0x01ba0000)]
  0x144bb800 JavaThread "Attach Listener" daemon [_thread_blocked, id=7168, stack(0x14720000,0x14770000)]
  0x144b8800 JavaThread "Signal Dispatcher" daemon [_thread_blocked, id=4164, stack(0x14690000,0x146e0000)]
  0x14499000 JavaThread "Finalizer" daemon [_thread_blocked, id=7580, stack(0x01af0000,0x01b40000)]
  0x14473000 JavaThread "Reference Handler" daemon [_thread_blocked, id=7276, stack(0x01460000,0x014b0000)]
  0x01a9c400 JavaThread "main" [_thread_blocked, id=8060, stack(0x01350000,0x013a0000)]

Other Threads:
  0x1446cc00 VMThread [stack: 0x01930000,0x01980000] [id=5040]
  0x144f1800 WatcherThread [stack: 0x14c30000,0x14c80000] [id=5520]

VM state:not at safepoint (normal execution)

VM Mutex/Monitor currently owned by a thread: None

Heap:
 def new generation   total 4928K, used 1892K [0x04000000, 0x04550000, 0x09550000)
  eden space 4416K,  42% used [0x04000000, 0x041d9308, 0x04450000)
  from space 512K,   0% used [0x04450000, 0x04450000, 0x044d0000)
  to   space 512K,   0% used [0x044d0000, 0x044d0000, 0x04550000)
 tenured generation   total 10944K, used 0K [0x09550000, 0x0a000000, 0x14000000)
   the space 10944K,   0% used [0x09550000, 0x09550000, 0x09550200, 0x0a000000)
 Metaspace       used 2308K, capacity 2470K, committed 2496K, reserved 4480K

Card table byte_map: [0x013a0000,0x01430000] byte_map_base: 0x01380000

Polling page: 0x00120000

CodeCache: size=32768Kb used=717Kb max_used=717Kb free=32050Kb
 bounds [0x01f80000, 0x02038000, 0x03f80000]
 total_blobs=219 nmethods=89 adapters=70
 compilation: enabled

Compilation events (10 events):
Event: 0.950 Thread 0x144cb400   85             java.lang.String::<init> (82 bytes)
Event: 0.950 Thread 0x144cb400 nmethod 85 0x02031708 code [0x02031860, 0x02031a90]
Event: 0.958 Thread 0x144cb400   86             jdk.internal.org.objectweb.asm.ByteVector::putByte (39 bytes)
Event: 0.959 Thread 0x144cb400 nmethod 86 0x02032148 code [0x02032250, 0x0203234c]
Event: 0.960 Thread 0x144cb400   87  s          java.lang.StringBuffer::append (13 bytes)
Event: 0.960 Thread 0x144cb400 nmethod 87 0x02032448 code [0x02032550, 0x0203279c]
Event: 0.962 Thread 0x144cb400   88             jdk.internal.org.objectweb.asm.ClassWriter::newUTF8 (70 bytes)
Event: 0.962 Thread 0x144cb400 nmethod 88 0x02032948 code [0x02032a90, 0x02032c68]
Event: 0.999 Thread 0x144cb400   89             java.lang.String::getChars (62 bytes)
Event: 1.000 Thread 0x144cb400 nmethod 89 0x02032e48 code [0x02032fa0, 0x020331f0]

GC Heap History (0 events):
No events

Deoptimization events (0 events):
No events

Internal exceptions (5 events):
Event: 0.183 Thread 0x01a9c400 Exception <a 'java/lang/NoSuchMethodError': Method sun.misc.Unsafe.defineClass(Ljava/lang/String;[BII)Ljava/lang/Class; name or signature does not match> (0x04006ea8) thrown at [C:\workspace\8-2-build-windows-i586-cygwin\jdk8u92\6642\hotspot\src\share\vm\pp=/}Ç?
Event: 0.184 Thread 0x01a9c400 Exception <a 'java/lang/NoSuchMethodError': Method sun.misc.Unsafe.prefetchRead(Ljava/lang/Object;J)V name or signature does not match> (0x04007178) thrown at [C:\workspace\8-2-build-windows-i586-cygwin\jdk8u92\6642\hotspot\src\share\vm\prims\jni.cpp, lineMpW€ikí?
Event: 0.919 Thread 0x01a9c400 Exception <a 'java/lang/NoSuchFieldError': method resolution failed> (0x04130cc0) thrown at [C:\workspace\8-2-build-windows-i586-cygwin\jdk8u92\6642\hotspot\src\share\vm\prims\methodHandles.cpp, line 1146]
Event: 0.931 Thread 0x01a9c400 Exception <a 'java/lang/NoSuchFieldError': method resolution failed> (0x0413ce80) thrown at [C:\workspace\8-2-build-windows-i586-cygwin\jdk8u92\6642\hotspot\src\share\vm\prims\methodHandles.cpp, line 1146]
Event: 0.997 Thread 0x01a9c400 Exception <a 'java/lang/NoSuchMethodError': java.lang.Object.lambda$andThen$1(Ljava/util/function/Function;Ljava/lang/Object;)Ljava/lang/Object;> (0x041c97f0) thrown at [C:\workspace\8-2-build-windows-i586-cygwin\jdk8u92\6642\hotspot\src\share\vm\interpret

Events (10 events):
Event: 808.941 Executing VM operation: GetCurrentLocation
Event: 808.941 Executing VM operation: GetCurrentLocation done
Event: 808.941 Executing VM operation: EnterInterpOnlyMode
Event: 808.941 Executing VM operation: EnterInterpOnlyMode done
Event: 808.941 Executing VM operation: ChangeSingleStep
Event: 808.941 Executing VM operation: ChangeSingleStep done
Event: 808.941 Executing VM operation: ChangeSingleStep
Event: 808.941 Executing VM operation: ChangeSingleStep done
Event: 808.955 Executing VM operation: RedefineClasses
Event: 808.956 Executing VM operation: RedefineClasses done


Dynamic libraries:
0x012d0000 - 0x01303000 	C:\Program Files\Java\jdk1.8.0_92\bin\javaw.exe
0x77ba0000 - 0x77ce2000 	C:\Windows\SYSTEM32\ntdll.dll
0x76820000 - 0x768f5000 	C:\Windows\system32\kernel32.dll
0x75dd0000 - 0x75e1b000 	C:\Windows\system32\KERNELBASE.dll
0x76900000 - 0x769a1000 	C:\Windows\system32\ADVAPI32.dll
0x76af0000 - 0x76b9c000 	C:\Windows\system32\msvcrt.dll
0x76200000 - 0x76219000 	C:\Windows\SYSTEM32\sechost.dll
0x76720000 - 0x767c2000 	C:\Windows\system32\RPCRT4.dll
0x76600000 - 0x766c9000 	C:\Windows\system32\USER32.dll
0x766d0000 - 0x7671e000 	C:\Windows\system32\GDI32.dll
0x77cf0000 - 0x77cfa000 	C:\Windows\system32\LPK.dll
0x76ba0000 - 0x76c3d000 	C:\Windows\system32\USP10.dll
0x749c0000 - 0x74b5e000 	C:\Windows\WinSxS\x86_microsoft.windows.common-controls_6595b64144ccf1df_6.0.7601.18837_none_41e855142bd5705d\COMCTL32.dll
0x77d10000 - 0x77d67000 	C:\Windows\system32\SHLWAPI.dll
0x75fa0000 - 0x75fbf000 	C:\Windows\system32\IMM32.DLL
0x75e90000 - 0x75f5c000 	C:\Windows\system32\MSCTF.dll
0x68250000 - 0x6830f000 	C:\Program Files\Java\jdk1.8.0_92\jre\bin\msvcr100.dll
0x500b0000 - 0x5047b000 	C:\Program Files\Java\jdk1.8.0_92\jre\bin\client\jvm.dll
0x72040000 - 0x72047000 	C:\Windows\system32\WSOCK32.dll
0x75f60000 - 0x75f95000 	C:\Windows\system32\WS2_32.dll
0x77d00000 - 0x77d06000 	C:\Windows\system32\NSI.dll
0x70710000 - 0x70742000 	C:\Windows\system32\WINMM.dll
0x75010000 - 0x75019000 	C:\Windows\system32\VERSION.dll
0x769b0000 - 0x769b5000 	C:\Windows\system32\PSAPI.DLL
0x6e1b0000 - 0x6e1bc000 	C:\Program Files\Java\jdk1.8.0_92\jre\bin\verify.dll
0x68950000 - 0x68971000 	C:\Program Files\Java\jdk1.8.0_92\jre\bin\java.dll
0x687d0000 - 0x687f9000 	C:\Program Files\Java\jdk1.8.0_92\jre\bin\jdwp.dll
0x749b0000 - 0x749b7000 	C:\Program Files\Java\jdk1.8.0_92\jre\bin\npt.dll
0x684b0000 - 0x684c3000 	C:\Program Files\Java\jdk1.8.0_92\jre\bin\zip.dll
0x76df0000 - 0x77a3c000 	C:\Windows\system32\SHELL32.dll
0x77a40000 - 0x77b9d000 	C:\Windows\system32\ole32.dll
0x75b60000 - 0x75b6b000 	C:\Windows\system32\profapi.dll
0x6cbd0000 - 0x6cbd8000 	C:\Program Files\Java\jdk1.8.0_92\jre\bin\dt_socket.dll
0x74210000 - 0x74220000 	C:\Windows\system32\NLAapi.dll
0x6e320000 - 0x6e330000 	C:\Windows\system32\napinsp.dll
0x6e300000 - 0x6e312000 	C:\Windows\system32\pnrpnsp.dll
0x75530000 - 0x7556c000 	C:\Windows\System32\mswsock.dll
0x753f0000 - 0x75434000 	C:\Windows\system32\DNSAPI.dll
0x6e2f0000 - 0x6e2f8000 	C:\Windows\System32\winrnr.dll
0x6e700000 - 0x6e721000 	C:\Program Files\Bonjour\mdnsNSP.dll
0x73d40000 - 0x73d5c000 	C:\Windows\system32\Iphlpapi.DLL
0x73d20000 - 0x73d27000 	C:\Windows\system32\WINNSI.DLL
0x6e2e0000 - 0x6e2ed000 	C:\Windows\system32\wshbth.dll
0x73bb0000 - 0x73be8000 	C:\Windows\System32\fwpuclnt.dll
0x6d860000 - 0x6d866000 	C:\Windows\system32\rasadhlp.dll
0x750a0000 - 0x750a5000 	C:\Windows\System32\wshtcpip.dll
0x6bbe0000 - 0x6bccb000 	C:\Windows\system32\dbghelp.dll

VM Arguments:
jvm_args: -agentlib:jdwp=transport=dt_socket,suspend=y,address=localhost:51337 -Dfile.encoding=UTF-8 
java_command: de.amr.easy.grid.iterators.traversals.HilbertCurve
java_class_path (initial): C:\Users\Armin\projects\EasyGrid\bin
Launcher Type: SUN_STANDARD

Environment Variables:
PATH=C:\Program Files\Java\jdk1.8.0_92\jre\bin;C:/Program Files/Java/jre1.8.0_92/bin/client;C:/Program Files/Java/jre1.8.0_92/bin;C:/Program Files/Java/jre1.8.0_92/lib/i386;C:\Program Files\Graphviz2.38\bin;C:\ProgramData\Oracle\Java\javapath;C:\Windows\system32;C:\Windows;C:\Windows\System32\Wbem;C:\Windows\System32\WindowsPowerShell\v1.0\;C:\Program Files\Skype\Phone\;C:\SoftwareDev\java\eclipse-mars;
USERNAME=Armin
OS=Windows_NT
PROCESSOR_IDENTIFIER=x86 Family 6 Model 14 Stepping 12, GenuineIntel



---------------  S Y S T E M  ---------------

OS: Windows 7 Build 7601 (6.1.7601.23392)

CPU:total 2 (2 cores per cpu, 1 threads per core) family 6 model 14 stepping 12, cmov, cx8, fxsr, mmx, sse, sse2, sse3, tsc

Memory: 4k page, physical 2881712k(858716k free), swap 5759600k(2421240k free)

vm_info: Java HotSpot(TM) Client VM (25.92-b14) for windows-x86 JRE (1.8.0_92-b14), built on Mar 31 2016 21:09:21 by "java_re" with MS VC++ 10.0 (VS2010)

time: Sun May 22 16:59:05 2016
elapsed time: 809 seconds (0d 0h 13m 29s)

